This file contains any messages produced by compilers while
running configure, to aid debugging if configure makes a mistake.

It was created by configure, which was
generated by GNU Autoconf 2.62.  Invocation command line was

  $ ./configure 

## --------- ##
## Platform. ##
## --------- ##

hostname = localhost.localdomain
uname -m = i686
uname -r = 2.6.18-194.el5
uname -s = Linux
uname -v = #1 SMP Fri Apr 2 14:58:35 EDT 2010

/usr/bin/uname -p = unknown
/bin/uname -X     = unknown

/bin/arch              = i686
/usr/bin/arch -k       = unknown
/usr/convex/getsysinfo = unknown
/usr/bin/hostinfo      = unknown
/bin/machine           = unknown
/usr/bin/oslevel       = unknown
/bin/universe          = unknown

PATH: /usr/kerberos/sbin
PATH: /usr/kerberos/bin
PATH: /usr/local/sbin
PATH: /usr/local/bin
PATH: /sbin
PATH: /bin
PATH: /usr/sbin
PATH: /usr/bin
PATH: /usr/local/php/bin
PATH: /usr/local/mysql/bin
PATH: /usr/local/bin/
PATH: /root/bin


## ----------- ##
## Core tests. ##
## ----------- ##

configure:1979: checking for grep that handles long lines and -e
configure:2039: result: /bin/grep
configure:2044: checking for egrep
configure:2108: result: /bin/grep -E
configure:2113: checking for a sed that does not truncate output
configure:2167: result: /bin/sed
configure:2299: checking for cc
configure:2315: found /usr/bin/cc
configure:2326: result: cc
configure:2362: checking for C compiler version
configure:2370: cc --version >&5
cc (GCC) 4.1.2 20080704 (Red Hat 4.1.2-54)
Copyright (C) 2006 Free Software Foundation, Inc.
This is free software; see the source for copying conditions.  There is NO
warranty; not even for MERCHANTABILITY or FITNESS FOR A PARTICULAR PURPOSE.

configure:2374: $? = 0
configure:2381: cc -v >&5
Using built-in specs.
Target: i386-redhat-linux
Configured with: ../configure --prefix=/usr --mandir=/usr/share/man --infodir=/usr/share/info --enable-shared --enable-threads=posix --enable-checking=release --with-system-zlib --enable-__cxa_atexit --disable-libunwind-exceptions --enable-libgcj-multifile --enable-languages=c,c++,objc,obj-c++,java,fortran,ada --enable-java-awt=gtk --disable-dssi --disable-plugin --with-java-home=/usr/lib/jvm/java-1.4.2-gcj-1.4.2.0/jre --with-cpu=generic --host=i386-redhat-linux
Thread model: posix
gcc version 4.1.2 20080704 (Red Hat 4.1.2-54)
configure:2385: $? = 0
configure:2392: cc -V >&5
cc: '-V' option must have argument
configure:2396: $? = 1
configure:2419: checking for C compiler default output file name
configure:2441: cc    conftest.c  >&5
configure:2445: $? = 0
configure:2483: result: a.out
configure:2500: checking whether the C compiler works
configure:2510: ./a.out
configure:2514: $? = 0
configure:2531: result: yes
configure:2538: checking whether we are cross compiling
configure:2540: result: no
configure:2543: checking for suffix of executables
configure:2550: cc -o conftest    conftest.c  >&5
configure:2554: $? = 0
configure:2578: result: 
configure:2584: checking for suffix of object files
configure:2610: cc -c   conftest.c >&5
configure:2614: $? = 0
configure:2637: result: o
configure:2641: checking whether we are using the GNU C compiler
configure:2670: cc -c   conftest.c >&5
configure:2677: $? = 0
configure:2694: result: yes
configure:2703: checking whether cc accepts -g
configure:2733: cc -c -g  conftest.c >&5
configure:2740: $? = 0
configure:2841: result: yes
configure:2858: checking for cc option to accept ISO C89
configure:2932: cc  -c -g -O2  conftest.c >&5
configure:2939: $? = 0
configure:2962: result: none needed
configure:2986: checking how to run the C preprocessor
configure:3026: cc -E  conftest.c
configure:3033: $? = 0
configure:3064: cc -E  conftest.c
conftest.c:8:28: error: ac_nonexistent.h: No such file or directory
configure:3071: $? = 1
configure: failed program was:
| /* confdefs.h.  */
| #define PACKAGE_NAME ""
| #define PACKAGE_TARNAME ""
| #define PACKAGE_VERSION ""
| #define PACKAGE_STRING ""
| #define PACKAGE_BUGREPORT ""
| /* end confdefs.h.  */
| #include <ac_nonexistent.h>
configure:3104: result: cc -E
configure:3133: cc -E  conftest.c
configure:3140: $? = 0
configure:3171: cc -E  conftest.c
conftest.c:8:28: error: ac_nonexistent.h: No such file or directory
configure:3178: $? = 1
configure: failed program was:
| /* confdefs.h.  */
| #define PACKAGE_NAME ""
| #define PACKAGE_TARNAME ""
| #define PACKAGE_VERSION ""
| #define PACKAGE_STRING ""
| #define PACKAGE_BUGREPORT ""
| /* end confdefs.h.  */
| #include <ac_nonexistent.h>
configure:3218: checking for icc
configure:3231: result: no
configure:3245: checking for suncc
configure:3258: result: no
configure:3276: checking whether cc understands -c and -o together
configure:3308: cc -c conftest.c -o conftest2.o >&5
configure:3312: $? = 0
configure:3318: cc -c conftest.c -o conftest2.o >&5
configure:3322: $? = 0
configure:3377: result: yes
configure:3393: checking for system library directory
configure:3408: result: lib
configure:3415: checking if compiler supports -R
configure:3444: cc -o conftest -g -O2   conftest.c -R /usr/lib  >&5
cc: unrecognized option '-R'
/usr/lib: file not recognized: Is a directory
collect2: ld returned 1 exit status
configure:3451: $? = 1
configure: failed program was:
| /* confdefs.h.  */
| #define PACKAGE_NAME ""
| #define PACKAGE_TARNAME ""
| #define PACKAGE_VERSION ""
| #define PACKAGE_STRING ""
| #define PACKAGE_BUGREPORT ""
| /* end confdefs.h.  */
| 
| int
| main ()
| {
| 
|   ;
|   return 0;
| }
configure:3473: result: no
configure:3478: checking if compiler supports -Wl,-rpath,
configure:3507: cc -o conftest -g -O2   conftest.c -Wl,-rpath,/usr/lib  >&5
configure:3514: $? = 0
configure:3536: result: yes
configure:3585: checking build system type
configure:3603: result: i686-pc-linux-gnu
configure:3625: checking host system type
configure:3640: result: i686-pc-linux-gnu
configure:3662: checking target system type
configure:3677: result: i686-pc-linux-gnu
configure:3786: checking for PHP prefix
configure:3788: result: /usr/local
configure:3790: checking for PHP includes
configure:3792: result: -I/usr/local/include/php -I/usr/local/include/php/main -I/usr/local/include/php/TSRM -I/usr/local/include/php/Zend -I/usr/local/include/php/ext -I/usr/local/include/php/ext/date/lib
configure:3794: checking for PHP extension directory
configure:3796: result: /usr/local/lib/php/extensions/no-debug-non-zts-20131226
configure:3798: checking for PHP installed headers prefix
configure:3800: result: /usr/local/include/php
configure:3803: checking if debug is enabled
configure:3833: result: no
configure:3836: checking if zts is enabled
configure:3866: result: no
configure:3937: checking for re2c
configure:3967: result: no
configure:3992: WARNING: You will need re2c 0.13.4 or later if you want to regenerate PHP parsers.
configure:4006: checking for gawk
configure:4023: found /bin/gawk
configure:4034: result: gawk
configure:4081: checking Whether to enable the "ufs_codes" extension
configure:4120: result: yes, shared
configure:4518: checking for ld used by cc
configure:4585: result: /usr/bin/ld
configure:4594: checking if the linker (/usr/bin/ld) is GNU ld
configure:4609: result: yes
configure:4614: checking for /usr/bin/ld option to reload object files
configure:4621: result: -r
configure:4639: checking for BSD-compatible nm
configure:4688: result: /usr/bin/nm -B
configure:4692: checking whether ln -s works
configure:4696: result: yes
configure:4703: checking how to recognize dependent libraries
configure:4889: result: pass_all
configure:5136: checking for ANSI C header files
configure:5166: cc -c -g -O2  conftest.c >&5
configure:5173: $? = 0
configure:5272: cc -o conftest -g -O2   conftest.c  >&5
configure:5276: $? = 0
configure:5282: ./conftest
configure:5286: $? = 0
configure:5304: result: yes
configure:5328: checking for sys/types.h
configure:5349: cc -c -g -O2  conftest.c >&5
configure:5356: $? = 0
configure:5373: result: yes
configure:5328: checking for sys/stat.h
configure:5349: cc -c -g -O2  conftest.c >&5
configure:5356: $? = 0
configure:5373: result: yes
configure:5328: checking for stdlib.h
configure:5349: cc -c -g -O2  conftest.c >&5
configure:5356: $? = 0
configure:5373: result: yes
configure:5328: checking for string.h
configure:5349: cc -c -g -O2  conftest.c >&5
configure:5356: $? = 0
configure:5373: result: yes
configure:5328: checking for memory.h
configure:5349: cc -c -g -O2  conftest.c >&5
configure:5356: $? = 0
configure:5373: result: yes
configure:5328: checking for strings.h
configure:5349: cc -c -g -O2  conftest.c >&5
configure:5356: $? = 0
configure:5373: result: yes
configure:5328: checking for inttypes.h
configure:5349: cc -c -g -O2  conftest.c >&5
configure:5356: $? = 0
configure:5373: result: yes
configure:5328: checking for stdint.h
configure:5349: cc -c -g -O2  conftest.c >&5
configure:5356: $? = 0
configure:5373: result: yes
configure:5328: checking for unistd.h
configure:5349: cc -c -g -O2  conftest.c >&5
configure:5356: $? = 0
configure:5373: result: yes
configure:5402: checking dlfcn.h usability
configure:5419: cc -c -g -O2  conftest.c >&5
configure:5426: $? = 0
configure:5440: result: yes
configure:5444: checking dlfcn.h presence
configure:5459: cc -E  conftest.c
configure:5466: $? = 0
configure:5480: result: yes
configure:5508: checking for dlfcn.h
configure:5517: result: yes
configure:5543: checking the maximum length of command line arguments
configure:5655: result: 98304
configure:5667: checking command to parse /usr/bin/nm -B output from cc object
configure:5772: cc -c -g -O2  conftest.c >&5
configure:5775: $? = 0
configure:5779: /usr/bin/nm -B conftest.o \| sed -n -e 's/^.*[ 	]\([ABCDGIRSTW][ABCDGIRSTW]*\)[ 	][ 	]*\([_A-Za-z][_A-Za-z0-9]*\)$/\1 \2 \2/p' \> conftest.nm
configure:5782: $? = 0
configure:5834: cc -o conftest -g -O2   conftest.c conftstm.o >&5
configure:5837: $? = 0
configure:5875: result: ok
configure:5879: checking for objdir
configure:5894: result: .libs
configure:5986: checking for ar
configure:6002: found /usr/bin/ar
configure:6013: result: ar
configure:6082: checking for ranlib
configure:6098: found /usr/bin/ranlib
configure:6109: result: ranlib
configure:6178: checking for strip
configure:6194: found /usr/bin/strip
configure:6205: result: strip
configure:6786: checking if cc supports -fno-rtti -fno-exceptions
configure:6804: cc -c -g -O2  -fno-rtti -fno-exceptions conftest.c >&5
cc1: warning: command line option "-fno-rtti" is valid for C++/ObjC++ but not for C
configure:6808: $? = 0
configure:6821: result: no
configure:6836: checking for cc option to produce PIC
configure:7076: result: -fPIC
configure:7084: checking if cc PIC flag -fPIC works
configure:7102: cc -c -g -O2  -fPIC -DPIC conftest.c >&5
configure:7106: $? = 0
configure:7119: result: yes
configure:7147: checking if cc static flag -static works
configure:7175: result: yes
configure:7185: checking if cc supports -c -o file.o
configure:7206: cc -c -g -O2  -o out/conftest2.o conftest.c >&5
configure:7210: $? = 0
configure:7232: result: yes
configure:7258: checking whether the cc linker (/usr/bin/ld) supports shared libraries
configure:8186: result: yes
configure:8207: checking whether -lc should be explicitly linked in
configure:8212: cc -c -g -O2  conftest.c >&5
configure:8215: $? = 0
configure:8230: cc -shared conftest.o  -v -Wl,-soname -Wl,conftest -o conftest 2\>\&1 \| grep  -lc  \>/dev/null 2\>\&1
configure:8233: $? = 0
configure:8245: result: no
configure:8253: checking dynamic linker characteristics
configure:8851: result: GNU/Linux ld.so
configure:8875: checking how to hardcode library paths into programs
configure:8900: result: immediate
configure:8914: checking whether stripping libraries is possible
configure:8919: result: yes
configure:9749: checking if libtool supports shared libraries
configure:9751: result: yes
configure:9754: checking whether to build shared libraries
configure:9775: result: yes
configure:9778: checking whether to build static libraries
configure:9782: result: no
configure:9877: result:
creating libtool
configure:13574: creating ./config.status

## ---------------------- ##
## Running config.status. ##
## ---------------------- ##

This file was extended by config.status, which was
generated by GNU Autoconf 2.62.  Invocation command line was

  CONFIG_FILES    = 
  CONFIG_HEADERS  = 
  CONFIG_LINKS    = 
  CONFIG_COMMANDS = 
  $ ./config.status 

on localhost.localdomain

config.status:605: creating config.h

## ---------------- ##
## Cache variables. ##
## ---------------- ##

ac_cv_build=i686-pc-linux-gnu
ac_cv_c_compiler_gnu=yes
ac_cv_env_CC_set=
ac_cv_env_CC_value=
ac_cv_env_CFLAGS_set=
ac_cv_env_CFLAGS_value=
ac_cv_env_CPPFLAGS_set=
ac_cv_env_CPPFLAGS_value=
ac_cv_env_CPP_set=
ac_cv_env_CPP_value=
ac_cv_env_LDFLAGS_set=
ac_cv_env_LDFLAGS_value=
ac_cv_env_LIBS_set=
ac_cv_env_LIBS_value=
ac_cv_env_build_alias_set=
ac_cv_env_build_alias_value=
ac_cv_env_host_alias_set=
ac_cv_env_host_alias_value=
ac_cv_env_target_alias_set=
ac_cv_env_target_alias_value=
ac_cv_header_dlfcn_h=yes
ac_cv_header_inttypes_h=yes
ac_cv_header_memory_h=yes
ac_cv_header_stdc=yes
ac_cv_header_stdint_h=yes
ac_cv_header_stdlib_h=yes
ac_cv_header_string_h=yes
ac_cv_header_strings_h=yes
ac_cv_header_sys_stat_h=yes
ac_cv_header_sys_types_h=yes
ac_cv_header_unistd_h=yes
ac_cv_host=i686-pc-linux-gnu
ac_cv_objext=o
ac_cv_path_EGREP='/bin/grep -E'
ac_cv_path_GREP=/bin/grep
ac_cv_prog_AWK=gawk
ac_cv_prog_CPP='cc -E'
ac_cv_prog_ac_ct_AR=ar
ac_cv_prog_ac_ct_CC=cc
ac_cv_prog_ac_ct_RANLIB=ranlib
ac_cv_prog_ac_ct_STRIP=strip
ac_cv_prog_cc_c89=
ac_cv_prog_cc_cc_c_o=yes
ac_cv_prog_cc_g=yes
ac_cv_target=i686-pc-linux-gnu
lt_cv_deplibs_check_method=pass_all
lt_cv_file_magic_cmd='$MAGIC_CMD'
lt_cv_file_magic_test_file=
lt_cv_ld_reload_flag=-r
lt_cv_objdir=.libs
lt_cv_path_LD=/usr/bin/ld
lt_cv_path_NM='/usr/bin/nm -B'
lt_cv_path_SED=/bin/sed
lt_cv_prog_compiler_c_o=yes
lt_cv_prog_compiler_pic_works=yes
lt_cv_prog_compiler_rtti_exceptions=no
lt_cv_prog_compiler_static_works=yes
lt_cv_prog_gnu_ld=yes
lt_cv_sys_global_symbol_pipe='sed -n -e '\''s/^.*[ 	]\([ABCDGIRSTW][ABCDGIRSTW]*\)[ 	][ 	]*\([_A-Za-z][_A-Za-z0-9]*\)$/\1 \2 \2/p'\'''
lt_cv_sys_global_symbol_to_c_name_address='sed -n -e '\''s/^: \([^ ]*\) $/  {\"\1\", (lt_ptr) 0},/p'\'' -e '\''s/^[BCDEGRST] \([^ ]*\) \([^ ]*\)$/  {"\2", (lt_ptr) \&\2},/p'\'''
lt_cv_sys_global_symbol_to_cdecl='sed -n -e '\''s/^. .* \(.*\)$/extern int \1;/p'\'''
lt_cv_sys_lib_dlsearch_path_spec='/lib /usr/lib /usr/lib/qt-3.3/lib /usr/lib/vmware-tools/lib32/libvmGuestLib.so /usr/lib/vmware-tools/lib64/libvmGuestLib.so /usr/lib/vmware-tools/lib32/libvmGuestLibJava.so /usr/lib/vmware-tools/lib64/libvmGuestLibJava.so /usr/lib/vmware-tools/lib32/libDeployPkg.so /usr/lib/vmware-tools/lib64/libDeployPkg.so '
lt_cv_sys_lib_search_path_spec='/usr/lib/gcc/i386-redhat-linux/4.1.2 /usr/lib /lib'
lt_cv_sys_max_cmd_len=98304
lt_lt_cv_prog_compiler_c_o='"yes"'
lt_lt_cv_sys_global_symbol_pipe='"sed -n -e '\''s/^.*[ 	]\\([ABCDGIRSTW][ABCDGIRSTW]*\\)[ 	][ 	]*\\([_A-Za-z][_A-Za-z0-9]*\\)\$/\\1 \\2 \\2/p'\''"'
lt_lt_cv_sys_global_symbol_to_c_name_address='"sed -n -e '\''s/^: \\([^ ]*\\) \$/  {\\\"\\1\\\", (lt_ptr) 0},/p'\'' -e '\''s/^[BCDEGRST] \\([^ ]*\\) \\([^ ]*\\)\$/  {\"\\2\", (lt_ptr) \\&\\2},/p'\''"'
lt_lt_cv_sys_global_symbol_to_cdecl='"sed -n -e '\''s/^. .* \\(.*\\)\$/extern int \\1;/p'\''"'
php_cv_cc_dashr=no
php_cv_cc_rpath=yes

## ----------------- ##
## Output variables. ##
## ----------------- ##

AR='ar'
AWK='gawk'
CC='cc'
CFLAGS='-g -O2'
CONFIGURE_COMMAND=' '\''./configure'\'' '
CONFIGURE_OPTIONS=''
CPP='cc -E'
CPPFLAGS=' -DHAVE_CONFIG_H'
DEFS='-DHAVE_CONFIG_H'
DSYMUTIL=''
ECHO='echo'
ECHO_C=''
ECHO_N='-n'
ECHO_T=''
EGREP='/bin/grep -E'
EXEEXT=''
GREP='/bin/grep'
LDFLAGS=''
LIBOBJS=''
LIBS=''
LIBTOOL='$(SHELL) $(top_builddir)/libtool'
LN_S='ln -s'
LTLIBOBJS=''
NMEDIT=''
OBJEXT='o'
PACKAGE_BUGREPORT=''
PACKAGE_NAME=''
PACKAGE_STRING=''
PACKAGE_TARNAME=''
PACKAGE_VERSION=''
PATH_SEPARATOR=':'
RANLIB='ranlib'
RE2C='exit 0;'
SED='/bin/sed'
SHELL='/bin/sh'
SHLIB_DL_SUFFIX_NAME='so'
SHLIB_SUFFIX_NAME='so'
STRIP='strip'
ac_ct_CC='cc'
bindir='${exec_prefix}/bin'
build='i686-pc-linux-gnu'
build_alias=''
build_cpu='i686'
build_os='linux-gnu'
build_vendor='pc'
datadir='${datarootdir}'
datarootdir='${prefix}/share'
docdir='${datarootdir}/doc/${PACKAGE}'
dvidir='${docdir}'
exec_prefix='$(prefix)'
host='i686-pc-linux-gnu'
host_alias='i686-pc-linux-gnu'
host_cpu='i686'
host_os='linux-gnu'
host_vendor='pc'
htmldir='${docdir}'
includedir='${prefix}/include'
infodir='${datarootdir}/info'
libdir='${exec_prefix}/lib'
libexecdir='${exec_prefix}/libexec'
localedir='${datarootdir}/locale'
localstatedir='${prefix}/var'
mandir='${datarootdir}/man'
oldincludedir='/usr/include'
pdfdir='${docdir}'
prefix='/usr/local'
program_transform_name='s,x,x,'
psdir='${docdir}'
sbindir='${exec_prefix}/sbin'
sharedstatedir='${prefix}/com'
sysconfdir='${prefix}/etc'
target='i686-pc-linux-gnu'
target_alias=''
target_cpu='i686'
target_os='linux-gnu'
target_vendor='pc'

## ----------- ##
## confdefs.h. ##
## ----------- ##

#define PACKAGE_NAME ""
#define PACKAGE_TARNAME ""
#define PACKAGE_VERSION ""
#define PACKAGE_STRING ""
#define PACKAGE_BUGREPORT ""
#define COMPILE_DL_UFS_CODES 1
#define STDC_HEADERS 1
#define HAVE_SYS_TYPES_H 1
#define HAVE_SYS_STAT_H 1
#define HAVE_STDLIB_H 1
#define HAVE_STRING_H 1
#define HAVE_MEMORY_H 1
#define HAVE_STRINGS_H 1
#define HAVE_INTTYPES_H 1
#define HAVE_STDINT_H 1
#define HAVE_UNISTD_H 1
#define HAVE_DLFCN_H 1

configure: exit 0
